This file contains any messages produced by compilers while
running configure, to aid debugging if configure makes a mistake.

It was created by HomeworldSDL configure 1.0.2, which was
generated by GNU Autoconf 2.71.  Invocation command line was

  $ ../configure --enable-static

## --------- ##
## Platform. ##
## --------- ##

hostname = x260
uname -m = x86_64
uname -r = 5.18.4-amd64-desktop-hwe
uname -s = Linux
uname -v = #5.18.4-amd64-desktop-hwe-23.01.00.02 SMP PREEMPT_DYNAMIC Fri Au

/usr/bin/uname -p = unknown
/bin/uname -X     = unknown

/bin/arch              = x86_64
/usr/bin/arch -k       = unknown
/usr/convex/getsysinfo = unknown
/usr/bin/hostinfo      = unknown
/bin/machine           = unknown
/usr/bin/oslevel       = unknown
/bin/universe          = unknown

PATH: /usr/local/bin/
PATH: /usr/bin/
PATH: /bin/
PATH: /usr/local/games/
PATH: /usr/games/
PATH: /sbin/
PATH: /usr/sbin/


## ----------- ##
## Core tests. ##
## ----------- ##

configure:2468: looking for aux files: ltmain.sh compile missing install-sh config.guess config.sub
configure:2481:  trying ../config/
configure:2510:   ../config/ltmain.sh found
configure:2510:   ../config/compile found
configure:2510:   ../config/missing found
configure:2492:   ../config/install-sh found
configure:2510:   ../config/config.guess found
configure:2510:   ../config/config.sub found
configure:2629: checking build system type
configure:2644: result: x86_64-pc-linux-gnu
configure:2664: checking host system type
configure:2678: result: x86_64-pc-linux-gnu
configure:2698: checking target system type
configure:2712: result: x86_64-pc-linux-gnu
configure:2757: checking for a BSD-compatible install
configure:2830: result: /usr/bin/install -c
configure:2841: checking whether build environment is sane
configure:2896: result: yes
configure:3055: checking for a race-free mkdir -p
configure:3099: result: /usr/bin/mkdir -p
configure:3106: checking for gawk
configure:3127: found /usr/bin/gawk
configure:3138: result: gawk
configure:3149: checking whether make sets $(MAKE)
configure:3172: result: yes
configure:3202: checking whether make supports nested variables
configure:3220: result: yes
configure:3752: checking for gcc
configure:3773: found /usr/bin/gcc
configure:3784: result: gcc
configure:4137: checking for C compiler version
configure:4146: gcc --version >&5
gcc (Uos 11.2.0-10) 11.2.0
Copyright (C) 2021 Free Software Foundation, Inc.
This is free software; see the source for copying conditions.  There is NO
warranty; not even for MERCHANTABILITY or FITNESS FOR A PARTICULAR PURPOSE.

configure:4157: $? = 0
configure:4146: gcc -v >&5
Using built-in specs.
COLLECT_GCC=gcc
COLLECT_LTO_WRAPPER=/usr/lib/gcc/x86_64-linux-gnu/11/lto-wrapper
OFFLOAD_TARGET_NAMES=nvptx-none:amdgcn-amdhsa
OFFLOAD_TARGET_DEFAULT=1
Target: x86_64-linux-gnu
Configured with: ../src/configure -v --with-pkgversion='Uos 11.2.0-10' --with-bugurl=file:///usr/share/doc/gcc-11/README.Bugs --enable-languages=c,ada,c++,go,brig,d,fortran,objc,obj-c++,m2 --prefix=/usr --with-gcc-major-version-only --program-suffix=-11 --program-prefix=x86_64-linux-gnu- --enable-shared --enable-linker-build-id --libexecdir=/usr/lib --without-included-gettext --enable-threads=posix --libdir=/usr/lib --enable-nls --enable-bootstrap --enable-clocale=gnu --enable-libstdcxx-debug --enable-libstdcxx-time=yes --with-default-libstdcxx-abi=new --enable-gnu-unique-object --disable-vtable-verify --enable-plugin --with-system-zlib --enable-libphobos-checking=release --with-target-system-zlib=auto --enable-objc-gc=auto --enable-multiarch --disable-werror --enable-cet --with-arch-32=i686 --with-abi=m64 --with-multilib-list=m32,m64,mx32 --enable-multilib --with-tune=generic --enable-offload-targets=nvptx-none=/build/gcc-11-11.2.0/debian/tmp-nvptx/usr,amdgcn-amdhsa=/build/gcc-11-11.2.0/debian/tmp-gcn/usr --without-cuda-driver --enable-checking=release --build=x86_64-linux-gnu --host=x86_64-linux-gnu --target=x86_64-linux-gnu --with-build-config=bootstrap-lto-lean --enable-link-serialization=16
Thread model: posix
Supported LTO compression algorithms: zlib zstd
gcc version 11.2.0 (Uos 11.2.0-10) 
... rest of stderr output deleted ...
configure:4157: $? = 0
configure:4146: gcc -V >&5
gcc: error: unrecognized command-line option '-V'
gcc: fatal error: no input files
compilation terminated.
configure:4157: $? = 1
configure:4146: gcc -qversion >&5
gcc: error: unrecognized command-line option '-qversion'; did you mean '--version'?
gcc: fatal error: no input files
compilation terminated.
configure:4157: $? = 1
configure:4146: gcc -version >&5
gcc: error: unrecognized command-line option '-version'
gcc: fatal error: no input files
compilation terminated.
configure:4157: $? = 1
configure:4177: checking whether the C compiler works
configure:4199: gcc    conftest.c  >&5
configure:4203: $? = 0
configure:4253: result: yes
configure:4256: checking for C compiler default output file name
configure:4258: result: a.out
configure:4264: checking for suffix of executables
configure:4271: gcc -o conftest    conftest.c  >&5
configure:4275: $? = 0
configure:4298: result: 
configure:4320: checking whether we are cross compiling
configure:4328: gcc -o conftest    conftest.c  >&5
configure:4332: $? = 0
configure:4339: ./conftest
configure:4343: $? = 0
configure:4358: result: no
configure:4363: checking for suffix of object files
configure:4386: gcc -c   conftest.c >&5
configure:4390: $? = 0
configure:4412: result: o
configure:4416: checking whether the compiler supports GNU C
configure:4436: gcc -c   conftest.c >&5
configure:4436: $? = 0
configure:4446: result: yes
configure:4457: checking whether gcc accepts -g
configure:4478: gcc -c -g  conftest.c >&5
configure:4478: $? = 0
configure:4522: result: yes
configure:4542: checking for gcc option to enable C11 features
configure:4557: gcc  -c -g -O2  conftest.c >&5
configure:4557: $? = 0
configure:4575: result: none needed
configure:4691: checking whether gcc understands -c and -o together
configure:4714: gcc -c conftest.c -o conftest2.o
configure:4717: $? = 0
configure:4714: gcc -c conftest.c -o conftest2.o
configure:4717: $? = 0
configure:4729: result: yes
configure:4749: checking whether make supports the include directive
configure:4764: make -f confmf.GNU && cat confinc.out
this is the am__doit target
configure:4767: $? = 0
configure:4786: result: yes (GNU style)
configure:4812: checking dependency style of gcc
configure:4924: result: gcc3
configure:4946: checking for bison
configure:4967: found /usr/bin/bison
configure:4978: result: bison -y
configure:4998: checking for flex
configure:5019: found /usr/bin/flex
configure:5030: result: flex
configure:5079: checking for lex output file root
configure:5092: flex conftest.l
configure:5096: $? = 0
configure:5104: result: lex.yy
configure:5119: checking for lex library
configure:5144: gcc -o conftest -g -O2   conftest.c  >&5
configure:5144: $? = 0
configure:5157: result: none needed
configure:5172: checking for library containing yywrap
configure:5202: gcc -o conftest -g -O2   conftest.c  >&5
/usr/bin/ld: /tmp/ccmvjXL4.o: in function `main':
/home/adam/Downloads/Hiigara-wasm/Hiigara-wasm/Linux/conftest.c:19: undefined reference to `yywrap'
collect2: error: ld returned 1 exit status
configure:5202: $? = 1
configure: failed program was:
| /* confdefs.h */
| #define PACKAGE_NAME "HomeworldSDL"
| #define PACKAGE_TARNAME "homeworldsdl"
| #define PACKAGE_VERSION "1.0.2"
| #define PACKAGE_STRING "HomeworldSDL 1.0.2"
| #define PACKAGE_BUGREPORT "baucheta@gmail.com"
| #define PACKAGE_URL ""
| #define PACKAGE "homeworldsdl"
| #define VERSION "1.0.2"
| /* end confdefs.h.  */
| 
| /* Override any GCC internal prototype to avoid an error.
|    Use char because int might match the return type of a GCC
|    builtin and then its argument prototype would still apply.  */
| char yywrap ();
| int
| main (void)
| {
| return yywrap ();
|   ;
|   return 0;
| }
configure:5202: gcc -o conftest -g -O2   conftest.c -lfl   >&5
/usr/bin/ld: /usr/lib/gcc/x86_64-linux-gnu/11/../../../x86_64-linux-gnu/libfl.so: undefined reference to `yylex'
collect2: error: ld returned 1 exit status
configure:5202: $? = 1
configure: failed program was:
| /* confdefs.h */
| #define PACKAGE_NAME "HomeworldSDL"
| #define PACKAGE_TARNAME "homeworldsdl"
| #define PACKAGE_VERSION "1.0.2"
| #define PACKAGE_STRING "HomeworldSDL 1.0.2"
| #define PACKAGE_BUGREPORT "baucheta@gmail.com"
| #define PACKAGE_URL ""
| #define PACKAGE "homeworldsdl"
| #define VERSION "1.0.2"
| /* end confdefs.h.  */
| 
| /* Override any GCC internal prototype to avoid an error.
|    Use char because int might match the return type of a GCC
|    builtin and then its argument prototype would still apply.  */
| char yywrap ();
| int
| main (void)
| {
| return yywrap ();
|   ;
|   return 0;
| }
configure:5202: gcc -o conftest -g -O2   conftest.c -ll   >&5
configure:5202: $? = 0
configure:5222: result: -ll
configure:5238: checking whether yytext is a pointer
configure:5254: gcc -c -g -O2  conftest.c >&5
configure:5254: $? = 0
configure:5261: result: yes
configure:5330: checking how to print strings
configure:5357: result: printf
configure:5378: checking for a sed that does not truncate output
configure:5448: result: /usr/bin/sed
configure:5466: checking for grep that handles long lines and -e
configure:5530: result: /usr/bin/grep
configure:5535: checking for egrep
configure:5603: result: /usr/bin/grep -E
configure:5608: checking for fgrep
configure:5676: result: /usr/bin/grep -F
configure:5712: checking for ld used by gcc
configure:5780: result: /usr/bin/ld
configure:5787: checking if the linker (/usr/bin/ld) is GNU ld
configure:5803: result: yes
configure:5815: checking for BSD- or MS-compatible name lister (nm)
configure:5870: result: /usr/bin/nm -B
configure:6010: checking the name lister (/usr/bin/nm -B) interface
configure:6018: gcc -c -g -O2  conftest.c >&5
configure:6021: /usr/bin/nm -B "conftest.o"
configure:6024: output
0000000000000000 B some_variable
configure:6031: result: BSD nm
configure:6034: checking whether ln -s works
configure:6038: result: yes
configure:6046: checking the maximum length of command line arguments
configure:6178: result: 1572864
configure:6226: checking how to convert x86_64-pc-linux-gnu file names to x86_64-pc-linux-gnu format
configure:6267: result: func_convert_file_noop
configure:6274: checking how to convert x86_64-pc-linux-gnu file names to toolchain format
configure:6295: result: func_convert_file_noop
configure:6302: checking for /usr/bin/ld option to reload object files
configure:6310: result: -r
configure:6389: checking for objdump
configure:6421: result: objdump
configure:6450: checking how to recognize dependent libraries
configure:6651: result: pass_all
configure:6741: checking for dlltool
configure:6773: result: dlltool
configure:6803: checking how to associate runtime and link libraries
configure:6831: result: printf %s\n
configure:6896: checking for ar
configure:6917: found /usr/bin/ar
configure:6928: result: ar
configure:6965: checking for archiver @FILE support
configure:6983: gcc -c -g -O2  conftest.c >&5
configure:6983: $? = 0
configure:6987: ar cr libconftest.a @conftest.lst >&5
configure:6990: $? = 0
configure:6995: ar cr libconftest.a @conftest.lst >&5
ar: conftest.o: No such file or directory
configure:6998: $? = 1
configure:7010: result: @
configure:7073: checking for strip
configure:7094: found /usr/bin/strip
configure:7105: result: strip
configure:7182: checking for ranlib
configure:7203: found /usr/bin/ranlib
configure:7214: result: ranlib
configure:7316: checking command to parse /usr/bin/nm -B output from gcc object
configure:7470: gcc -c -g -O2  conftest.c >&5
configure:7473: $? = 0
configure:7477: /usr/bin/nm -B conftest.o | sed -n -e 's/^.*[	 ]\([ABCDGIRSTW][ABCDGIRSTW]*\)[	 ][	 ]*\([_A-Za-z][_A-Za-z0-9]*\)$/\1 \2 \2/p' | sed '/ __gnu_lto/d' > conftest.nm
configure:7543: gcc -o conftest -g -O2   conftest.c conftstm.o >&5
configure:7546: $? = 0
configure:7584: result: ok
configure:7631: checking for sysroot
configure:7662: result: no
configure:7669: checking for a working dd
configure:7713: result: /usr/bin/dd
configure:7717: checking how to truncate binary pipes
configure:7733: result: /usr/bin/dd bs=4096 count=1
configure:7870: gcc -c -g -O2  conftest.c >&5
configure:7873: $? = 0
configure:8070: checking for mt
configure:8091: found /usr/bin/mt
configure:8102: result: mt
configure:8125: checking if mt is a manifest tool
configure:8132: mt '-?'
configure:8140: result: no
configure:8870: checking for stdio.h
configure:8870: gcc -c -g -O2  conftest.c >&5
configure:8870: $? = 0
configure:8870: result: yes
configure:8870: checking for stdlib.h
configure:8870: gcc -c -g -O2  conftest.c >&5
configure:8870: $? = 0
configure:8870: result: yes
configure:8870: checking for string.h
configure:8870: gcc -c -g -O2  conftest.c >&5
configure:8870: $? = 0
configure:8870: result: yes
configure:8870: checking for inttypes.h
configure:8870: gcc -c -g -O2  conftest.c >&5
configure:8870: $? = 0
configure:8870: result: yes
configure:8870: checking for stdint.h
configure:8870: gcc -c -g -O2  conftest.c >&5
configure:8870: $? = 0
configure:8870: result: yes
configure:8870: checking for strings.h
configure:8870: gcc -c -g -O2  conftest.c >&5
configure:8870: $? = 0
configure:8870: result: yes
configure:8870: checking for sys/stat.h
configure:8870: gcc -c -g -O2  conftest.c >&5
configure:8870: $? = 0
configure:8870: result: yes
configure:8870: checking for sys/types.h
configure:8870: gcc -c -g -O2  conftest.c >&5
configure:8870: $? = 0
configure:8870: result: yes
configure:8870: checking for unistd.h
configure:8870: gcc -c -g -O2  conftest.c >&5
configure:8870: $? = 0
configure:8870: result: yes
configure:8895: checking for dlfcn.h
configure:8895: gcc -c -g -O2  conftest.c >&5
configure:8895: $? = 0
configure:8895: result: yes
configure:9150: checking for objdir
configure:9166: result: .libs
configure:9426: checking if gcc supports -fno-rtti -fno-exceptions
configure:9445: gcc -c -g -O2  -fno-rtti -fno-exceptions conftest.c >&5
cc1: warning: command-line option '-fno-rtti' is valid for C++/D/ObjC++ but not for C
configure:9449: $? = 0
configure:9462: result: no
configure:9826: checking for gcc option to produce PIC
configure:9834: result: -fPIC -DPIC
configure:9842: checking if gcc PIC flag -fPIC -DPIC works
configure:9861: gcc -c -g -O2  -fPIC -DPIC -DPIC conftest.c >&5
configure:9865: $? = 0
configure:9878: result: yes
configure:9907: checking if gcc static flag -static works
configure:9936: result: yes
configure:9951: checking if gcc supports -c -o file.o
configure:9973: gcc -c -g -O2  -o out/conftest2.o conftest.c >&5
configure:9977: $? = 0
configure:9999: result: yes
configure:10007: checking if gcc supports -c -o file.o
configure:10055: result: yes
configure:10088: checking whether the gcc linker (/usr/bin/ld -m elf_x86_64) supports shared libraries
configure:11358: result: yes
configure:11395: checking whether -lc should be explicitly linked in
configure:11404: gcc -c -g -O2  conftest.c >&5
configure:11407: $? = 0
configure:11422: gcc -shared  -fPIC -DPIC conftest.o  -v -Wl,-soname -Wl,conftest -o conftest 2\>\&1 \| /usr/bin/grep  -lc  \>/dev/null 2\>\&1
configure:11425: $? = 0
configure:11439: result: no
configure:11599: checking dynamic linker characteristics
configure:12181: gcc -o conftest -g -O2   -Wl,-rpath -Wl,/foo conftest.c  >&5
configure:12181: $? = 0
configure:12432: result: GNU/Linux ld.so
configure:12554: checking how to hardcode library paths into programs
configure:12579: result: immediate
configure:12681: checking for shl_load
configure:12681: gcc -o conftest -g -O2   conftest.c  >&5
/usr/bin/ld: /tmp/ccYPxo8r.o: in function `main':
/home/adam/Downloads/Hiigara-wasm/Hiigara-wasm/Linux/conftest.c:51: undefined reference to `shl_load'
collect2: error: ld returned 1 exit status
configure:12681: $? = 1
configure: failed program was:
| /* confdefs.h */
| #define PACKAGE_NAME "HomeworldSDL"
| #define PACKAGE_TARNAME "homeworldsdl"
| #define PACKAGE_VERSION "1.0.2"
| #define PACKAGE_STRING "HomeworldSDL 1.0.2"
| #define PACKAGE_BUGREPORT "baucheta@gmail.com"
| #define PACKAGE_URL ""
| #define PACKAGE "homeworldsdl"
| #define VERSION "1.0.2"
| #define YYTEXT_POINTER 1
| #define HAVE_STDIO_H 1
| #define HAVE_STDLIB_H 1
| #define HAVE_STRING_H 1
| #define HAVE_INTTYPES_H 1
| #define HAVE_STDINT_H 1
| #define HAVE_STRINGS_H 1
| #define HAVE_SYS_STAT_H 1
| #define HAVE_SYS_TYPES_H 1
| #define HAVE_UNISTD_H 1
| #define STDC_HEADERS 1
| #define HAVE_DLFCN_H 1
| #define LT_OBJDIR ".libs/"
| /* end confdefs.h.  */
| /* Define shl_load to an innocuous variant, in case <limits.h> declares shl_load.
|    For example, HP-UX 11i <limits.h> declares gettimeofday.  */
| #define shl_load innocuous_shl_load
| 
| /* System header to define __stub macros and hopefully few prototypes,
|    which can conflict with char shl_load (); below.  */
| 
| #include <limits.h>
| #undef shl_load
| 
| /* Override any GCC internal prototype to avoid an error.
|    Use char because int might match the return type of a GCC
|    builtin and then its argument prototype would still apply.  */
| #ifdef __cplusplus
| extern "C"
| #endif
| char shl_load ();
| /* The GNU C library defines this for functions which it implements
|     to always fail with ENOSYS.  Some functions are actually named
|     something starting with __ and the normal name is an alias.  */
| #if defined __stub_shl_load || defined __stub___shl_load
| choke me
| #endif
| 
| int
| main (void)
| {
| return shl_load ();
|   ;
|   return 0;
| }
configure:12681: result: no
configure:12686: checking for shl_load in -ldld
configure:12709: gcc -o conftest -g -O2   conftest.c -ldld   >&5
/usr/bin/ld: cannot find -ldld: No such file or directory
collect2: error: ld returned 1 exit status
configure:12709: $? = 1
configure: failed program was:
| /* confdefs.h */
| #define PACKAGE_NAME "HomeworldSDL"
| #define PACKAGE_TARNAME "homeworldsdl"
| #define PACKAGE_VERSION "1.0.2"
| #define PACKAGE_STRING "HomeworldSDL 1.0.2"
| #define PACKAGE_BUGREPORT "baucheta@gmail.com"
| #define PACKAGE_URL ""
| #define PACKAGE "homeworldsdl"
| #define VERSION "1.0.2"
| #define YYTEXT_POINTER 1
| #define HAVE_STDIO_H 1
| #define HAVE_STDLIB_H 1
| #define HAVE_STRING_H 1
| #define HAVE_INTTYPES_H 1
| #define HAVE_STDINT_H 1
| #define HAVE_STRINGS_H 1
| #define HAVE_SYS_STAT_H 1
| #define HAVE_SYS_TYPES_H 1
| #define HAVE_UNISTD_H 1
| #define STDC_HEADERS 1
| #define HAVE_DLFCN_H 1
| #define LT_OBJDIR ".libs/"
| /* end confdefs.h.  */
| 
| /* Override any GCC internal prototype to avoid an error.
|    Use char because int might match the return type of a GCC
|    builtin and then its argument prototype would still apply.  */
| char shl_load ();
| int
| main (void)
| {
| return shl_load ();
|   ;
|   return 0;
| }
configure:12719: result: no
configure:12725: checking for dlopen
configure:12725: gcc -o conftest -g -O2   conftest.c  >&5
configure:12725: $? = 0
configure:12725: result: yes
configure:12883: checking whether a program can dlopen itself
configure:12964: gcc -o conftest -g -O2  -DHAVE_DLFCN_H  -Wl,--export-dynamic conftest.c   >&5
configure:12967: $? = 0
configure:12985: result: yes
configure:12990: checking whether a statically linked program can dlopen itself
configure:13071: gcc -o conftest -g -O2  -DHAVE_DLFCN_H  -Wl,--export-dynamic -static conftest.c   >&5
/usr/bin/ld: /tmp/ccpCBjRg.o: in function `main':
/home/adam/Downloads/Hiigara-wasm/Hiigara-wasm/Linux/configure:13050: warning: Using 'dlopen' in statically linked applications requires at runtime the shared libraries from the glibc version used for linking
configure:13074: $? = 0
conftest: undefined symbol: _fnord
configure:13092: result: no
configure:13131: checking whether stripping libraries is possible
configure:13136: result: yes
configure:13171: checking if libtool supports shared libraries
configure:13173: result: yes
configure:13176: checking whether to build shared libraries
configure:13201: result: yes
configure:13204: checking whether to build static libraries
configure:13208: result: yes
configure:13246: checking if we're in Windows
configure:13256: result: no
configure:13314: checking for sdl2-config
configure:13337: found /usr/local/bin/sdl2-config
configure:13350: result: /usr/local/bin/sdl2-config
configure:13359: checking for SDL - version >= 2.0.0
configure:13445: gcc -o conftest -g -O2 -I/usr/local/include/SDL2 -D_REENTRANT   conftest.c  -L/usr/local/lib -Wl,-rpath,/usr/local/lib -Wl,--enable-new-dtags -lSDL2 >&5
configure:13445: $? = 0
configure:13445: ./conftest
configure:13445: $? = 0
configure:13460: result: yes
configure:13639: checking if libraries can be versioned
configure:13644: result: yes
configure:13896: checking for glBegin in -lGL
configure:13919: gcc -o conftest -g -O2 -D_X86_64 -D_X86_64_FIX_ME -DGENERIC_ETGCALLFUNCTION  -D_LINUX_FIX_ME   -D_LINUX_FIX_ME   conftest.c -lGL   >&5
configure:13919: $? = 0
configure:13929: result: yes
configure:14149: checking that generated files are newer than configure
configure:14155: result: done
configure:14194: creating ./config.status

## ---------------------- ##
## Running config.status. ##
## ---------------------- ##

This file was extended by HomeworldSDL config.status 1.0.2, which was
generated by GNU Autoconf 2.71.  Invocation command line was

  CONFIG_FILES    = 
  CONFIG_HEADERS  = 
  CONFIG_LINKS    = 
  CONFIG_COMMANDS = 
  $ ./config.status 

on x260

config.status:1123: creating Makefile
config.status:1123: creating src/Makefile
config.status:1123: creating src/Game/Makefile
config.status:1123: creating src/Missions/Generated/Makefile
config.status:1123: creating src/ThirdParty/Makefile
config.status:1123: creating src/ThirdParty/CRC/Makefile
config.status:1123: creating src/ThirdParty/JPG/Makefile
config.status:1123: creating src/ThirdParty/LZSS/Makefile
config.status:1123: creating src/ThirdParty/Titan/Makefile
config.status:1123: creating src/SDL/Makefile
config.status:1123: creating src/Ships/Makefile
config.status:1123: creating src/obj/Makefile
config.status:1123: creating tools/Makefile
config.status:1123: creating tools/kas2c/Makefile
config.status:1123: creating config.h
config.status:1289: config.h is unchanged
config.status:1337: executing depfiles commands
config.status:1414: cd src       && sed -e '/# am--include-marker/d' Makefile         | make -f - am--depfiles
make: Nothing to be done for 'am--depfiles'.
config.status:1419: $? = 0
config.status:1414: cd src/Game       && sed -e '/# am--include-marker/d' Makefile         | make -f - am--depfiles
make: Nothing to be done for 'am--depfiles'.
config.status:1419: $? = 0
config.status:1414: cd src/Missions/Generated       && sed -e '/# am--include-marker/d' Makefile         | make -f - am--depfiles
make: Nothing to be done for 'am--depfiles'.
config.status:1419: $? = 0
config.status:1414: cd src/ThirdParty/CRC       && sed -e '/# am--include-marker/d' Makefile         | make -f - am--depfiles
make: Nothing to be done for 'am--depfiles'.
config.status:1419: $? = 0
config.status:1414: cd src/ThirdParty/JPG       && sed -e '/# am--include-marker/d' Makefile         | make -f - am--depfiles
make: Nothing to be done for 'am--depfiles'.
config.status:1419: $? = 0
config.status:1414: cd src/ThirdParty/LZSS       && sed -e '/# am--include-marker/d' Makefile         | make -f - am--depfiles
make: Nothing to be done for 'am--depfiles'.
config.status:1419: $? = 0
config.status:1414: cd src/SDL       && sed -e '/# am--include-marker/d' Makefile         | make -f - am--depfiles
make: Nothing to be done for 'am--depfiles'.
config.status:1419: $? = 0
config.status:1414: cd src/Ships       && sed -e '/# am--include-marker/d' Makefile         | make -f - am--depfiles
make: Nothing to be done for 'am--depfiles'.
config.status:1419: $? = 0
config.status:1414: cd tools/kas2c       && sed -e '/# am--include-marker/d' Makefile         | make -f - am--depfiles
make: Nothing to be done for 'am--depfiles'.
config.status:1419: $? = 0
config.status:1337: executing libtool commands

## ---------------- ##
## Cache variables. ##
## ---------------- ##

ac_cv_build=x86_64-pc-linux-gnu
ac_cv_c_compiler_gnu=yes
ac_cv_env_CC_set=
ac_cv_env_CC_value=
ac_cv_env_CFLAGS_set=
ac_cv_env_CFLAGS_value=
ac_cv_env_CPPFLAGS_set=
ac_cv_env_CPPFLAGS_value=
ac_cv_env_LDFLAGS_set=
ac_cv_env_LDFLAGS_value=
ac_cv_env_LIBS_set=
ac_cv_env_LIBS_value=
ac_cv_env_LT_SYS_LIBRARY_PATH_set=
ac_cv_env_LT_SYS_LIBRARY_PATH_value=
ac_cv_env_YACC_set=
ac_cv_env_YACC_value=
ac_cv_env_YFLAGS_set=
ac_cv_env_YFLAGS_value=
ac_cv_env_build_alias_set=
ac_cv_env_build_alias_value=
ac_cv_env_host_alias_set=
ac_cv_env_host_alias_value=
ac_cv_env_target_alias_set=
ac_cv_env_target_alias_value=
ac_cv_func_dlopen=yes
ac_cv_func_shl_load=no
ac_cv_header_dlfcn_h=yes
ac_cv_header_inttypes_h=yes
ac_cv_header_stdint_h=yes
ac_cv_header_stdio_h=yes
ac_cv_header_stdlib_h=yes
ac_cv_header_string_h=yes
ac_cv_header_strings_h=yes
ac_cv_header_sys_stat_h=yes
ac_cv_header_sys_types_h=yes
ac_cv_header_unistd_h=yes
ac_cv_host=x86_64-pc-linux-gnu
ac_cv_lib_GL_glBegin=yes
ac_cv_lib_dld_shl_load=no
ac_cv_lib_lex='none needed'
ac_cv_objext=o
ac_cv_path_EGREP='/usr/bin/grep -E'
ac_cv_path_FGREP='/usr/bin/grep -F'
ac_cv_path_GREP=/usr/bin/grep
ac_cv_path_SDL_CONFIG=/usr/local/bin/sdl2-config
ac_cv_path_SED=/usr/bin/sed
ac_cv_path_install='/usr/bin/install -c'
ac_cv_path_lt_DD=/usr/bin/dd
ac_cv_path_mkdir=/usr/bin/mkdir
ac_cv_prog_AWK=gawk
ac_cv_prog_LEX=flex
ac_cv_prog_YACC='bison -y'
ac_cv_prog_ac_ct_AR=ar
ac_cv_prog_ac_ct_CC=gcc
ac_cv_prog_ac_ct_DLLTOOL=dlltool
ac_cv_prog_ac_ct_MANIFEST_TOOL=mt
ac_cv_prog_ac_ct_OBJDUMP=objdump
ac_cv_prog_ac_ct_RANLIB=ranlib
ac_cv_prog_ac_ct_STRIP=strip
ac_cv_prog_cc_c11=
ac_cv_prog_cc_g=yes
ac_cv_prog_cc_stdc=
ac_cv_prog_lex_root=lex.yy
ac_cv_prog_lex_yytext_pointer=yes
ac_cv_prog_make_make_set=yes
ac_cv_search_yywrap=-ll
ac_cv_target=x86_64-pc-linux-gnu
am_cv_CC_dependencies_compiler_type=gcc3
am_cv_make_support_nested_variables=yes
am_cv_prog_cc_c_o=yes
lt_cv_ar_at_file=@
lt_cv_archive_cmds_need_lc=no
lt_cv_deplibs_check_method=pass_all
lt_cv_dlopen=dlopen
lt_cv_dlopen_libs=
lt_cv_dlopen_self=yes
lt_cv_dlopen_self_static=no
lt_cv_file_magic_cmd='$MAGIC_CMD'
lt_cv_file_magic_test_file=
lt_cv_ld_reload_flag=-r
lt_cv_nm_interface='BSD nm'
lt_cv_objdir=.libs
lt_cv_path_LD=/usr/bin/ld
lt_cv_path_NM='/usr/bin/nm -B'
lt_cv_path_mainfest_tool=no
lt_cv_prog_compiler_c_o=yes
lt_cv_prog_compiler_pic='-fPIC -DPIC'
lt_cv_prog_compiler_pic_works=yes
lt_cv_prog_compiler_rtti_exceptions=no
lt_cv_prog_compiler_static_works=yes
lt_cv_prog_gnu_ld=yes
lt_cv_sharedlib_from_linklib_cmd='printf %s\n'
lt_cv_shlibpath_overrides_runpath=yes
lt_cv_sys_global_symbol_pipe='sed -n -e '\''s/^.*[	 ]\([ABCDGIRSTW][ABCDGIRSTW]*\)[	 ][	 ]*\([_A-Za-z][_A-Za-z0-9]*\)$/\1 \2 \2/p'\'' | sed '\''/ __gnu_lto/d'\'''
lt_cv_sys_global_symbol_to_c_name_address='sed -n -e '\''s/^: \(.*\) .*$/  {"\1", (void *) 0},/p'\'' -e '\''s/^[ABCDGIRSTW][ABCDGIRSTW]* .* \(.*\)$/  {"\1", (void *) \&\1},/p'\'''
lt_cv_sys_global_symbol_to_c_name_address_lib_prefix='sed -n -e '\''s/^: \(.*\) .*$/  {"\1", (void *) 0},/p'\'' -e '\''s/^[ABCDGIRSTW][ABCDGIRSTW]* .* \(lib.*\)$/  {"\1", (void *) \&\1},/p'\'' -e '\''s/^[ABCDGIRSTW][ABCDGIRSTW]* .* \(.*\)$/  {"lib\1", (void *) \&\1},/p'\'''
lt_cv_sys_global_symbol_to_cdecl='sed -n -e '\''s/^T .* \(.*\)$/extern int \1();/p'\'' -e '\''s/^[ABCDGIRSTW][ABCDGIRSTW]* .* \(.*\)$/extern char \1;/p'\'''
lt_cv_sys_global_symbol_to_import=
lt_cv_sys_max_cmd_len=1572864
lt_cv_to_host_file_cmd=func_convert_file_noop
lt_cv_to_tool_file_cmd=func_convert_file_noop
lt_cv_truncate_bin='/usr/bin/dd bs=4096 count=1'

## ----------------- ##
## Output variables. ##
## ----------------- ##

ACLOCAL='${SHELL} '\''/home/adam/Downloads/Hiigara-wasm/Hiigara-wasm/config/missing'\'' aclocal-1.16'
AMDEPBACKSLASH='\'
AMDEP_FALSE='#'
AMDEP_TRUE=''
AMTAR='$${TAR-tar}'
AM_BACKSLASH='\'
AM_DEFAULT_V='$(AM_DEFAULT_VERBOSITY)'
AM_DEFAULT_VERBOSITY='1'
AM_V='$(V)'
AR='ar'
AS='as'
AUTOCONF='${SHELL} '\''/home/adam/Downloads/Hiigara-wasm/Hiigara-wasm/config/missing'\'' autoconf'
AUTOHEADER='${SHELL} '\''/home/adam/Downloads/Hiigara-wasm/Hiigara-wasm/config/missing'\'' autoheader'
AUTOMAKE='${SHELL} '\''/home/adam/Downloads/Hiigara-wasm/Hiigara-wasm/config/missing'\'' automake-1.16'
AWK='gawk'
CC='gcc'
CCDEPMODE='depmode=gcc3'
CC_FOR_BUILD='gcc'
CFLAGS='-g -O2 -D_X86_64 -D_X86_64_FIX_ME -DGENERIC_ETGCALLFUNCTION  -D_LINUX_FIX_ME  -L/usr/local/lib -Wl,-rpath,/usr/local/lib -Wl,--enable-new-dtags -lSDL2 -DHW_GAME_HOMEWORLD -DHW_BUILD_FOR_DISTRIBUTION -I/usr/local/include/SDL2 -D_REENTRANT '
CPPFLAGS=' -D_LINUX_FIX_ME '
CSCOPE='cscope'
CTAGS='ctags'
CYGPATH_W='echo'
DEFS='-DHAVE_CONFIG_H'
DEPDIR='.deps'
DLLTOOL='dlltool'
DSYMUTIL=''
DUMPBIN=''
ECHO_C=''
ECHO_N='-n'
ECHO_T=''
EGREP='/usr/bin/grep -E'
ETAGS='etags'
EXEEXT=''
FGREP='/usr/bin/grep -F'
GL_LIBS='-lGL -lm -lGLEW'
GREP='/usr/bin/grep'
HAVE_LD_VERSION_SCRIPT_FALSE='#'
HAVE_LD_VERSION_SCRIPT_TRUE=''
INSTALL_DATA='${INSTALL} -m 644'
INSTALL_PROGRAM='${INSTALL}'
INSTALL_SCRIPT='${INSTALL}'
INSTALL_STRIP_PROGRAM='$(install_sh) -c -s'
LD='/usr/bin/ld -m elf_x86_64'
LDFLAGS='-L/usr/local/lib -Wl,-rpath,/usr/local/lib -Wl,--enable-new-dtags -lSDL2 '
LEX='flex'
LEXLIB='-ll '
LEX_OUTPUT_ROOT='lex.yy'
LIBOBJS=''
LIBS=''
LIBTOOL='$(SHELL) $(top_builddir)/libtool'
LIPO=''
LN_S='ln -s'
LTLIBOBJS=''
LT_SYS_LIBRARY_PATH=''
MAKEINFO='${SHELL} '\''/home/adam/Downloads/Hiigara-wasm/Hiigara-wasm/config/missing'\'' makeinfo'
MANIFEST_TOOL=':'
MEMORYMGR='jmemansi'
MKDIR_P='/usr/bin/mkdir -p'
MOVIE_LIBS=''
NET_LIBS=''
NM='/usr/bin/nm -B'
NMEDIT=''
OBJDUMP='objdump'
OBJEXT='o'
OLD_SOUND_FALSE=''
OLD_SOUND_TRUE='#'
OTOOL64=''
OTOOL=''
PACKAGE='homeworldsdl'
PACKAGE_BUGREPORT='baucheta@gmail.com'
PACKAGE_NAME='HomeworldSDL'
PACKAGE_STRING='HomeworldSDL 1.0.2'
PACKAGE_TARNAME='homeworldsdl'
PACKAGE_URL=''
PACKAGE_VERSION='1.0.2'
PATH_SEPARATOR=':'
PLATFORM_WIN32_FALSE=''
PLATFORM_WIN32_TRUE='#'
RANLIB='ranlib'
SDL_CFLAGS='-I/usr/local/include/SDL2 -D_REENTRANT'
SDL_CONFIG='/usr/local/bin/sdl2-config'
SDL_LIBS='-L/usr/local/lib -Wl,-rpath,/usr/local/lib -Wl,--enable-new-dtags -lSDL2'
SED='/usr/bin/sed'
SET_MAKE=''
SHELL='/bin/bash'
SSE_FLAGS=''
STRIP='strip'
TRANSFORM=''
VERSION='1.0.2'
X86_CPU_FALSE='#'
X86_CPU_TRUE=''
YACC='bison -y'
YFLAGS=''
ac_ct_AR='ar'
ac_ct_CC='gcc'
ac_ct_DUMPBIN=''
am__EXEEXT_FALSE=''
am__EXEEXT_TRUE='#'
am__fastdepCC_FALSE='#'
am__fastdepCC_TRUE=''
am__include='include'
am__isrc=' -I$(srcdir)'
am__leading_dot='.'
am__nodep='_no'
am__quote=''
am__tar='$${TAR-tar} chof - "$$tardir"'
am__untar='$${TAR-tar} xf -'
bindir='${exec_prefix}/bin'
build='x86_64-pc-linux-gnu'
build_alias=''
build_cpu='x86_64'
build_os='linux-gnu'
build_vendor='pc'
datadir='${datarootdir}'
datarootdir='${prefix}/share'
docdir='${datarootdir}/doc/${PACKAGE_TARNAME}'
dvidir='${docdir}'
exec_prefix='${prefix}'
host='x86_64-pc-linux-gnu'
host_alias=''
host_cpu='x86_64'
host_os='linux-gnu'
host_vendor='pc'
htmldir='${docdir}'
includedir='${prefix}/include'
infodir='${datarootdir}/info'
install_sh='${SHELL} /home/adam/Downloads/Hiigara-wasm/Hiigara-wasm/config/install-sh'
libdir='${exec_prefix}/lib'
libexecdir='${exec_prefix}/libexec'
localedir='${datarootdir}/locale'
localstatedir='${prefix}/var'
mandir='${datarootdir}/man'
mkdir_p='$(MKDIR_P)'
oldincludedir='/usr/include'
pdfdir='${docdir}'
prefix='/usr/local'
program_transform_name='s,x,x,'
psdir='${docdir}'
runstatedir='${localstatedir}/run'
sbindir='${exec_prefix}/sbin'
sharedstatedir='${prefix}/com'
sysconfdir='${prefix}/etc'
target='x86_64-pc-linux-gnu'
target_alias=''
target_cpu='x86_64'
target_os='linux-gnu'
target_vendor='pc'

## ----------- ##
## confdefs.h. ##
## ----------- ##

/* confdefs.h */
#define PACKAGE_NAME "HomeworldSDL"
#define PACKAGE_TARNAME "homeworldsdl"
#define PACKAGE_VERSION "1.0.2"
#define PACKAGE_STRING "HomeworldSDL 1.0.2"
#define PACKAGE_BUGREPORT "baucheta@gmail.com"
#define PACKAGE_URL ""
#define PACKAGE "homeworldsdl"
#define VERSION "1.0.2"
#define YYTEXT_POINTER 1
#define HAVE_STDIO_H 1
#define HAVE_STDLIB_H 1
#define HAVE_STRING_H 1
#define HAVE_INTTYPES_H 1
#define HAVE_STDINT_H 1
#define HAVE_STRINGS_H 1
#define HAVE_SYS_STAT_H 1
#define HAVE_SYS_TYPES_H 1
#define HAVE_UNISTD_H 1
#define STDC_HEADERS 1
#define HAVE_DLFCN_H 1
#define LT_OBJDIR ".libs/"

configure: exit 0
